[2023-11-15 12:13:37,634] INFO Reading configuration from: zoo.5.properties (org.apache.zookeeper.server.quorum.QuorumPeerConfig)
[2023-11-15 12:13:37,637] WARN zoo.5.properties is relative. Prepend ./ to indicate that you're sure! (org.apache.zookeeper.server.quorum.QuorumPeerConfig)
[2023-11-15 12:13:37,638] ERROR Invalid config, exiting abnormally (org.apache.zookeeper.server.quorum.QuorumPeerMain)
org.apache.zookeeper.server.quorum.QuorumPeerConfig$ConfigException: Error processing zoo.5.properties
	at org.apache.zookeeper.server.quorum.QuorumPeerConfig.parse(QuorumPeerConfig.java:198)
	at org.apache.zookeeper.server.quorum.QuorumPeerMain.initializeAndRun(QuorumPeerMain.java:124)
	at org.apache.zookeeper.server.quorum.QuorumPeerMain.main(QuorumPeerMain.java:90)
Caused by: java.lang.IllegalArgumentException: zoo.5.properties file is missing
	at org.apache.zookeeper.server.util.VerifyingFileFactory.doFailForNonExistingPath(VerifyingFileFactory.java:54)
	at org.apache.zookeeper.server.util.VerifyingFileFactory.validate(VerifyingFileFactory.java:47)
	at org.apache.zookeeper.server.util.VerifyingFileFactory.create(VerifyingFileFactory.java:39)
	at org.apache.zookeeper.server.quorum.QuorumPeerConfig.parse(QuorumPeerConfig.java:180)
	... 2 more
Invalid config, exiting abnormally
[2023-11-15 12:13:37,643] INFO ZooKeeper audit is disabled. (org.apache.zookeeper.audit.ZKAuditProvider)
[2023-11-15 12:13:37,647] ERROR Exiting JVM with code 2 (org.apache.zookeeper.util.ServiceUtils)
[2023-11-15 12:25:05,825] INFO Reading configuration from: zoo.5.properties (org.apache.zookeeper.server.quorum.QuorumPeerConfig)
[2023-11-15 12:25:05,829] WARN zoo.5.properties is relative. Prepend ./ to indicate that you're sure! (org.apache.zookeeper.server.quorum.QuorumPeerConfig)
[2023-11-15 12:25:05,829] ERROR Invalid config, exiting abnormally (org.apache.zookeeper.server.quorum.QuorumPeerMain)
org.apache.zookeeper.server.quorum.QuorumPeerConfig$ConfigException: Error processing zoo.5.properties
	at org.apache.zookeeper.server.quorum.QuorumPeerConfig.parse(QuorumPeerConfig.java:198)
	at org.apache.zookeeper.server.quorum.QuorumPeerMain.initializeAndRun(QuorumPeerMain.java:124)
	at org.apache.zookeeper.server.quorum.QuorumPeerMain.main(QuorumPeerMain.java:90)
Caused by: java.lang.IllegalArgumentException: zoo.5.properties file is missing
	at org.apache.zookeeper.server.util.VerifyingFileFactory.doFailForNonExistingPath(VerifyingFileFactory.java:54)
	at org.apache.zookeeper.server.util.VerifyingFileFactory.validate(VerifyingFileFactory.java:47)
	at org.apache.zookeeper.server.util.VerifyingFileFactory.create(VerifyingFileFactory.java:39)
	at org.apache.zookeeper.server.quorum.QuorumPeerConfig.parse(QuorumPeerConfig.java:180)
	... 2 more
Invalid config, exiting abnormally
[2023-11-15 12:25:05,834] INFO ZooKeeper audit is disabled. (org.apache.zookeeper.audit.ZKAuditProvider)
[2023-11-15 12:25:05,838] ERROR Exiting JVM with code 2 (org.apache.zookeeper.util.ServiceUtils)
[2023-11-15 12:39:12,954] INFO Reading configuration from: zoo.5.properties (org.apache.zookeeper.server.quorum.QuorumPeerConfig)
[2023-11-15 12:39:12,958] WARN zoo.5.properties is relative. Prepend ./ to indicate that you're sure! (org.apache.zookeeper.server.quorum.QuorumPeerConfig)
[2023-11-15 12:39:12,958] ERROR Invalid config, exiting abnormally (org.apache.zookeeper.server.quorum.QuorumPeerMain)
org.apache.zookeeper.server.quorum.QuorumPeerConfig$ConfigException: Error processing zoo.5.properties
	at org.apache.zookeeper.server.quorum.QuorumPeerConfig.parse(QuorumPeerConfig.java:198)
	at org.apache.zookeeper.server.quorum.QuorumPeerMain.initializeAndRun(QuorumPeerMain.java:124)
	at org.apache.zookeeper.server.quorum.QuorumPeerMain.main(QuorumPeerMain.java:90)
Caused by: java.lang.IllegalArgumentException: zoo.5.properties file is missing
	at org.apache.zookeeper.server.util.VerifyingFileFactory.doFailForNonExistingPath(VerifyingFileFactory.java:54)
	at org.apache.zookeeper.server.util.VerifyingFileFactory.validate(VerifyingFileFactory.java:47)
	at org.apache.zookeeper.server.util.VerifyingFileFactory.create(VerifyingFileFactory.java:39)
	at org.apache.zookeeper.server.quorum.QuorumPeerConfig.parse(QuorumPeerConfig.java:180)
	... 2 more
Invalid config, exiting abnormally
[2023-11-15 12:39:12,963] INFO ZooKeeper audit is disabled. (org.apache.zookeeper.audit.ZKAuditProvider)
[2023-11-15 12:39:12,968] ERROR Exiting JVM with code 2 (org.apache.zookeeper.util.ServiceUtils)
